TP_SIMPLE_SDK, tp.skt.simple.net.mqtt.MQTTClient Client is connected (32100)
TP_SIMPLE_SDK, destroy
[AMS-TRACE] MIDlet:SampleForSimpleSDK status=3
[AMS-INFO] MIDlet:SampleForSimpleSDK terminated
[AMS-TRACE] MIDlet:SampleForSimpleSDK status=2
TP_SIMPLE_SDK, [ATCOM] : AT+SKTPCON=1,MQTTS,ssl://{tbd},8883,300,simple_v1,{tbd},myservice,javame
[AMS-TRACE] MIDlet:SampleForSimpleSDK status=1
TP_SIMPLE_SDK, userName : {tbd}
TP_SIMPLE_SDK, [ATCOM] : OK
TP_SIMPLE_SDK, [INFO] : onConnected
TP_SIMPLE_SDK, [ATCOM] : +SKTPCON=0
TP_SIMPLE_SDK, [INFO] : onSubscribed
TP_SIMPLE_SDK, [INFO] : send Attribute
TP_SIMPLE_SDK, [ATCOM] : AT+SKTPDAT=1,attribute,0,{"sysHardwareVersion":"1.0", "sysSerialNumber":"710DJC5I10000290", "sysErrorCode":0, "sysLocationLongitude":127.115479, "sysLocationLatitude": 37.380257, "led":7}
TP_SIMPLE_SDK, publishTopic : v1/dev/myservice/javame/attribute
TP_SIMPLE_SDK, publishMessage : {"sysHardwareVersion":"1.0", "sysSerialNumber":"710DJC5I10000290", "sysErrorCode":0, "sysLocationLongitude":127.115479, "sysLocationLatitude": 37.380257, "led":7}
TP_SIMPLE_SDK, [ATCOM] : OK
TP_SIMPLE_SDK, [INFO] : send Telemetry
TP_SIMPLE_SDK, [ATCOM] : AT+SKTPDAT=1,telemetry,0,{"light":290.52695,"humidity":58.226944,"temperature":35.226944,"ts":1517285853}
TP_SIMPLE_SDK, publishTopic : v1/dev/myservice/javame/telemetry
TP_SIMPLE_SDK, publishMessage : {"light":290.52695,"humidity":58.226944,"temperature":35.226944,"ts":1517285853}
TP_SIMPLE_SDK, [ATCOM] : OK
TP_SIMPLE_SDK, [ATCOM] : AT+SKTPERR=1
TP_SIMPLE_SDK, [ATCOM] : result : +SKTPE:0
TP_SIMPLE_SDK, message delivered
TP_SIMPLE_SDK, [INFO] : onDelivered
TP_SIMPLE_SDK, message publish success
TP_SIMPLE_SDK, ____________________________



TP_SIMPLE_SDK, message delivered
TP_SIMPLE_SDK, [INFO] : onDelivered
TP_SIMPLE_SDK, message publish success
TP_SIMPLE_SDK, ____________________________



TP_SIMPLE_SDK, messageArrived : v1/dev/myservice/javame/down - {"deviceId":"d7580e80-000c-11e8-8afe-2bbe105e2946","cmdId":2530091,"cmd":"setAttribute","attribute":{"led":8}}
TP_SIMPLE_SDK, [INFO] : onMessageReceived topic : v1/dev/myservice/javame/down
TP_SIMPLE_SDK, [INFO] : onMessageReceived payload : {"deviceId":"d7580e80-000c-11e8-8afe-2bbe105e2946","cmdId":2530091,"cmd":"setAttribute","attribute":{"led":8}}
TP_SIMPLE_SDK, 



TP_SIMPLE_SDK, [INFO] : ### SETATTRIBUTE --------------START[[
TP_SIMPLE_SDK, [ATCOM] : +SKTPCMD=set_attr,2530091,3,{"led":8}
TP_SIMPLE_SDK, [INFO] : led :8, 2530091
TP_SIMPLE_SDK, 
v1/dev/myservice/javame/attribute
{"led":8}
TP_SIMPLE_SDK, publishTopic : v1/dev/myservice/javame/attribute
TP_SIMPLE_SDK, publishMessage : {"led":8}
TP_SIMPLE_SDK, [INFO] : ### SETATTRIBUTE --------------]]END



TP_SIMPLE_SDK, message delivered
TP_SIMPLE_SDK, [INFO] : onDelivered
TP_SIMPLE_SDK, message publish success
TP_SIMPLE_SDK, ____________________________



TP_SIMPLE_SDK, messageArrived : v1/dev/myservice/javame/down - {"serviceName":"myservice","deviceName":"javame","cmdId":-9999,"cmd":"jsonRpc","rpcMode":"twoway","rpcReq":{"jsonrpc":"2.0","method":"tp_user","params":[{"led":1}],"id":1897832514}}
TP_SIMPLE_SDK, [INFO] : onMessageReceived topic : v1/dev/myservice/javame/down
TP_SIMPLE_SDK, [INFO] : onMessageReceived payload : {"serviceName":"myservice","deviceName":"javame","cmdId":-9999,"cmd":"jsonRpc","rpcMode":"twoway","rpcReq":{"jsonrpc":"2.0","method":"tp_user","params":[{"led":1}],"id":1897832514}}
TP_SIMPLE_SDK, 



TP_SIMPLE_SDK, [INFO] : ### TP_USER --------------START[[
TP_SIMPLE_SDK, [ATCOM] : +SKTPCMD=tp_user,1897832514,1,[{"led":1}]
TP_SIMPLE_SDK, [INFO] : rpc : 2.0, id : 1897832514cmd : 1
TP_SIMPLE_SDK, [ATCOM] : AT+SKTPRES=1,tp_user,1897832514,0,{"led":7}
TP_SIMPLE_SDK, 
v1/dev/myservice/javame/up
{"cmdId":1,"result":"success","cmd":"jsonRpc","rpcRsp":{"result":{"led":7},"jsonrpc":"2.0","id":1897832514}}
TP_SIMPLE_SDK, publishTopic : v1/dev/myservice/javame/up
TP_SIMPLE_SDK, publishMessage : {"cmdId":1,"result":"success","cmd":"jsonRpc","rpcRsp":{"result":{"led":7},"jsonrpc":"2.0","id":1897832514}}
TP_SIMPLE_SDK, [ATCOM] : +SKTPCMD=tp_user,1897832514,3
TP_SIMPLE_SDK, [ATCOM] : OK
TP_SIMPLE_SDK, [INFO] : ### TP_USER --------------]]END



TP_SIMPLE_SDK, message delivered
TP_SIMPLE_SDK, [INFO] : onDelivered
TP_SIMPLE_SDK, message publish success
TP_SIMPLE_SDK, ____________________________



TP_SIMPLE_SDK, messageArrived : v1/dev/myservice/javame/down - {"serviceName":"myservice","deviceName":"javame","cmdId":-9999,"cmd":"jsonRpc","rpcMode":"twoway","rpcReq":{"jsonrpc":"2.0","method":"tp_remote","params":["AT+CPSMS=1,,,01000001,00100011"],"id":1897832515}}
TP_SIMPLE_SDK, [INFO] : onMessageReceived topic : v1/dev/myservice/javame/down
TP_SIMPLE_SDK, [INFO] : onMessageReceived payload : {"serviceName":"myservice","deviceName":"javame","cmdId":-9999,"cmd":"jsonRpc","rpcMode":"twoway","rpcReq":{"jsonrpc":"2.0","method":"tp_remote","params":["AT+CPSMS=1,,,01000001,00100011"],"id":1897832515}}
TP_SIMPLE_SDK, 



TP_SIMPLE_SDK, [INFO] : ### TP_REMOTE --------------START[[
TP_SIMPLE_SDK, [ATCOM] : +SKTPCMD=tp_remote,1897832515,1,["AT+CPSMS=1,,,01000001,00100011"]
TP_SIMPLE_SDK, 
v1/dev/myservice/javame/up
{"cmdId":1,"result":"success","cmd":"jsonRpc","rpcRsp":{"result":{"state":"SUCCESS"},"jsonrpc":"2.0","id":1897832515}}
TP_SIMPLE_SDK, publishTopic : v1/dev/myservice/javame/up
TP_SIMPLE_SDK, publishMessage : {"cmdId":1,"result":"success","cmd":"jsonRpc","rpcRsp":{"result":{"state":"SUCCESS"},"jsonrpc":"2.0","id":1897832515}}
TP_SIMPLE_SDK, [ATCOM] : +SKTPCMD=tp_remote,1897832515,3
TP_SIMPLE_SDK, [ATCOM] : OK
TP_SIMPLE_SDK, [INFO] : ### TP_REMOTE --------------]]END



TP_SIMPLE_SDK, message delivered
TP_SIMPLE_SDK, [INFO] : onDelivered
TP_SIMPLE_SDK, message publish success
TP_SIMPLE_SDK, ____________________________



TP_SIMPLE_SDK, messageArrived : v1/dev/myservice/javame/down - {"serviceName":"myservice","deviceName":"javame","cmdId":-9999,"cmd":"jsonRpc","rpcMode":"twoway","rpcReq":{"jsonrpc":"2.0","method":"tp_fwupgrade","params":["http://<thingplug_host>/portal/services/myservice/firmwares/1/download","http://<thingplug_host>/portal/firmware-upgrade-devices/23"],"id":1897832516}}
TP_SIMPLE_SDK, [INFO] : onMessageReceived topic : v1/dev/myservice/javame/down
TP_SIMPLE_SDK, [INFO] : onMessageReceived payload : {"serviceName":"myservice","deviceName":"javame","cmdId":-9999,"cmd":"jsonRpc","rpcMode":"twoway","rpcReq":{"jsonrpc":"2.0","method":"tp_fwupgrade","params":["http://<thingplug_host>/portal/services/myservice/firmwares/1/download","http://<thingplug_host>/portal/firmware-upgrade-devices/23"],"id":1897832516}}
TP_SIMPLE_SDK, 



TP_SIMPLE_SDK, [INFO] : ### TP_FWUPGRADE --------------START[[
TP_SIMPLE_SDK, [ATCOM] : +SKTPCMD=tp_fwupgrade,1897832516,1,["http://<thingplug_host>/portal/services/myservice/firmwares/1/download","http://<thingplug_host>/portal/firmware-upgrade-devices/23"]
TP_SIMPLE_SDK, [ATCOM] : AT+SKTPRES=1,tp_fwupgrade,1897832516,0,{"status":"SUCCESS"}
TP_SIMPLE_SDK, 
v1/dev/myservice/javame/up
{"cmdId":1,"result":"success","cmd":"jsonRpc","rpcRsp":{"result":{"state":"SUCCESS"},"jsonrpc":"2.0","id":1897832516}}
TP_SIMPLE_SDK, publishTopic : v1/dev/myservice/javame/up
TP_SIMPLE_SDK, publishMessage : {"cmdId":1,"result":"success","cmd":"jsonRpc","rpcRsp":{"result":{"state":"SUCCESS"},"jsonrpc":"2.0","id":1897832516}}
TP_SIMPLE_SDK, [ATCOM] : +SKTPCMD=tp_fwupgrade,1897832516,3
TP_SIMPLE_SDK, [ATCOM] : OK
TP_SIMPLE_SDK, [INFO] : ### TP_FWUPGRADE --------------]]END



TP_SIMPLE_SDK, message delivered
TP_SIMPLE_SDK, [INFO] : onDelivered
TP_SIMPLE_SDK, message publish success
TP_SIMPLE_SDK, ____________________________


